[2023-12-09T18:45:13.882+0530] {taskinstance.py:1159} INFO - Dependencies all met for dep_context=non-requeueable deps ti=<TaskInstance: Cricbuzz_ETL.load manual__2023-12-09T13:15:06.306764+00:00 [queued]>
[2023-12-09T18:45:13.888+0530] {taskinstance.py:1159} INFO - Dependencies all met for dep_context=requeueable deps ti=<TaskInstance: Cricbuzz_ETL.load manual__2023-12-09T13:15:06.306764+00:00 [queued]>
[2023-12-09T18:45:13.888+0530] {taskinstance.py:1361} INFO - Starting attempt 1 of 1
[2023-12-09T18:45:13.901+0530] {taskinstance.py:1382} INFO - Executing <Task(PythonOperator): load> on 2023-12-09 13:15:06.306764+00:00
[2023-12-09T18:45:13.905+0530] {standard_task_runner.py:57} INFO - Started process 39191 to run task
[2023-12-09T18:45:13.907+0530] {standard_task_runner.py:84} INFO - Running: ['airflow', 'tasks', 'run', 'Cricbuzz_ETL', 'load', 'manual__2023-12-09T13:15:06.306764+00:00', '--job-id', '191', '--raw', '--subdir', 'DAGS_FOLDER/Crickbuzz_dag.py', '--cfg-path', '/tmp/tmp1x7z35x1']
[2023-12-09T18:45:13.908+0530] {standard_task_runner.py:85} INFO - Job 191: Subtask load
[2023-12-09T18:45:13.935+0530] {task_command.py:416} INFO - Running <TaskInstance: Cricbuzz_ETL.load manual__2023-12-09T13:15:06.306764+00:00 [running]> on host Iris
[2023-12-09T18:45:13.991+0530] {taskinstance.py:1662} INFO - Exporting env vars: AIRFLOW_CTX_DAG_OWNER='airflow' AIRFLOW_CTX_DAG_ID='Cricbuzz_ETL' AIRFLOW_CTX_TASK_ID='load' AIRFLOW_CTX_EXECUTION_DATE='2023-12-09T13:15:06.306764+00:00' AIRFLOW_CTX_TRY_NUMBER='1' AIRFLOW_CTX_DAG_RUN_ID='manual__2023-12-09T13:15:06.306764+00:00'
[2023-12-09T18:45:14.007+0530] {logging_mixin.py:154} INFO - <class 'pandas.core.frame.DataFrame'>
[2023-12-09T18:45:14.011+0530] {base.py:73} INFO - Using connection ID 'Cricbuzz_db' for task execution.
[2023-12-09T18:45:14.017+0530] {logging_mixin.py:154} INFO - bala
[2023-12-09T18:45:14.017+0530] {logging_mixin.py:154} INFO - 

---------------------------<class 'psycopg2.extensions.connection'> --------------------------------
[2023-12-09T18:45:14.018+0530] {logging_mixin.py:154} INFO - ---------------------{'user': 'postgres', 'channel_binding': 'prefer', 'dbname': 'postgres', 'host': 'localhost', 'port': '5432', 'options': '', 'sslmode': 'prefer', 'sslcompression': '0', 'sslcertmode': 'allow', 'sslsni': '1', 'ssl_min_protocol_version': 'TLSv1.2', 'gssencmode': 'prefer', 'krbsrvname': 'postgres', 'gssdelegation': '0', 'target_session_attrs': 'any', 'load_balance_hosts': 'disable'}-------------------------------------
[2023-12-09T18:45:14.018+0530] {logging_mixin.py:154} INFO - Index(['match_id', 'match_no', 'date', 'series', 'season', 'venue', 'team_a',
       'team_b', 'team_a_11', 'team_b_11', 'team_a_subs', 'team_b_subs',
       'toss', 'toss_winner', 'toss_choosen', 'winner', 'player_of_the_match'],
      dtype='object')
[2023-12-09T18:45:14.023+0530] {logging_mixin.py:154} WARNING - /home/rajabala/Desktop/projects/Airflow/airflow_env/lib/python3.9/site-packages/pandas/io/sql.py:761 UserWarning: pandas only support SQLAlchemy connectable(engine/connection) ordatabase string URI or sqlite3 DBAPI2 connectionother DBAPI2 objects are not tested, please consider using SQLAlchemy
[2023-12-09T18:45:14.027+0530] {taskinstance.py:1937} ERROR - Task failed with exception
Traceback (most recent call last):
  File "/home/rajabala/Desktop/projects/Airflow/airflow_env/lib/python3.9/site-packages/pandas/io/sql.py", line 2020, in execute
    cur.execute(*args, **kwargs)
psycopg2.errors.UndefinedTable: relation "sqlite_master" does not exist
LINE 1: SELECT name FROM sqlite_master WHERE type='table' AND name=?...
                         ^


The above exception was the direct cause of the following exception:

Traceback (most recent call last):
  File "/home/rajabala/Desktop/projects/Airflow/airflow_env/lib/python3.9/site-packages/airflow/operators/python.py", line 192, in execute
    return_value = self.execute_callable()
  File "/home/rajabala/Desktop/projects/Airflow/airflow_env/lib/python3.9/site-packages/airflow/operators/python.py", line 209, in execute_callable
    return self.python_callable(*self.op_args, **self.op_kwargs)
  File "/home/rajabala/Desktop/projects/Airflow/dags/Cricbuzz_files/Load.py", line 44, in load_to_db
    ball_by_ball_data.to_sql('Ball_by_ball_data', con=conn, index=False, if_exists='append')
  File "/home/rajabala/Desktop/projects/Airflow/airflow_env/lib/python3.9/site-packages/pandas/core/generic.py", line 2951, in to_sql
    return sql.to_sql(
  File "/home/rajabala/Desktop/projects/Airflow/airflow_env/lib/python3.9/site-packages/pandas/io/sql.py", line 697, in to_sql
    return pandas_sql.to_sql(
  File "/home/rajabala/Desktop/projects/Airflow/airflow_env/lib/python3.9/site-packages/pandas/io/sql.py", line 2189, in to_sql
    table.create()
  File "/home/rajabala/Desktop/projects/Airflow/airflow_env/lib/python3.9/site-packages/pandas/io/sql.py", line 831, in create
    if self.exists():
  File "/home/rajabala/Desktop/projects/Airflow/airflow_env/lib/python3.9/site-packages/pandas/io/sql.py", line 815, in exists
    return self.pd_sql.has_table(self.name, self.schema)
  File "/home/rajabala/Desktop/projects/Airflow/airflow_env/lib/python3.9/site-packages/pandas/io/sql.py", line 2197, in has_table
    return len(self.execute(query, [name]).fetchall()) > 0
  File "/home/rajabala/Desktop/projects/Airflow/airflow_env/lib/python3.9/site-packages/pandas/io/sql.py", line 2032, in execute
    raise ex from exc
pandas.io.sql.DatabaseError: Execution failed on sql 'SELECT name FROM sqlite_master WHERE type='table' AND name=?;': relation "sqlite_master" does not exist
LINE 1: SELECT name FROM sqlite_master WHERE type='table' AND name=?...
                         ^

[2023-12-09T18:45:14.033+0530] {taskinstance.py:1400} INFO - Marking task as FAILED. dag_id=Cricbuzz_ETL, task_id=load, execution_date=20231209T131506, start_date=20231209T131513, end_date=20231209T131514
[2023-12-09T18:45:14.044+0530] {standard_task_runner.py:104} ERROR - Failed to execute job 191 for task load (Execution failed on sql 'SELECT name FROM sqlite_master WHERE type='table' AND name=?;': relation "sqlite_master" does not exist
LINE 1: SELECT name FROM sqlite_master WHERE type='table' AND name=?...
                         ^
; 39191)
[2023-12-09T18:45:14.079+0530] {local_task_job_runner.py:228} INFO - Task exited with return code 1
[2023-12-09T18:45:14.094+0530] {taskinstance.py:2778} INFO - 0 downstream tasks scheduled from follow-on schedule check
